<?xml version="1.0" encoding="UTF-8"?>
<!-- Generated by org.testng.reporters.JUnitReportReporter -->
<testsuite hostname="DESKTOP-92GA5HL" failures="0" tests="3" name="test_restassur.httpReq" time="6.570" errors="0" timestamp="2023-10-24T13:03:16 IST" skipped="0">
  <testcase classname="test_restassur.httpReq" name="getListUsers" time="1.608"/>
  <system-out/>
  <testcase classname="test_restassur.httpReq" name="createUser" time="4.648"/>
  <system-out/>
  <testcase classname="test_restassur.httpReq" name="getSingleUser" time="0.314"/>
  <system-out/>
</testsuite> <!-- test_restassur.httpReq -->
